<?xml version="1.0" encoding="UTF-8"?>
<testsuites>
  <testsuite name="Tests\Feature\ExampleTest" file="C:\laragon\www\improvement-tracker\tests\Feature\ExampleTest.php" tests="1" assertions="1" errors="0" failures="1" skipped="0" time="0.229563">
    <testcase name="test_the_application_returns_a_successful_response" file="C:\laragon\www\improvement-tracker\tests\Feature\ExampleTest.php" line="13" class="Tests\Feature\ExampleTest" classname="Tests.Feature.ExampleTest" assertions="1" time="0.229563">
      <failure type="PHPUnit\Framework\ExpectationFailedException">Tests\Feature\ExampleTest::test_the_application_returns_a_successful_response&#13;
Expected response status code [200] but received 404.
Failed asserting that 404 is identical to 200.
&#13;
C:\laragon\www\improvement-tracker\vendor\laravel\framework\src\Illuminate\Testing\TestResponseAssert.php:45
C:\laragon\www\improvement-tracker\vendor\laravel\framework\src\Illuminate\Testing\TestResponse.php:176
C:\laragon\www\improvement-tracker\tests\Feature\ExampleTest.php:17</failure>
    </testcase>
  </testsuite>
</testsuites>
